<?xml version="1.0" encoding="UTF-8"?>
<!-- Generated by org.testng.reporters.JUnitReportReporter -->
<testsuite hostname="DESKTOP-CPBGT79" failures="0" tests="3" name="rahulshettyacademy.tests.SubmitOrderTest" time="41.616" errors="0" timestamp="11 Apr 2024 08:13:38 GMT" skipped="0">
  <testcase classname="rahulshettyacademy.tests.SubmitOrderTest" name="submitOrder" time="16.434"/>
  <testcase classname="rahulshettyacademy.tests.SubmitOrderTest" name="OrderHistoryTest" time="13.112"/>
  <testcase classname="rahulshettyacademy.tests.SubmitOrderTest" name="submitOrder" time="12.070"/>
</testsuite> <!-- rahulshettyacademy.tests.SubmitOrderTest -->
