<?xml version="1.0" encoding="UTF-8"?>
<!-- Generated by org.testng.reporters.JUnitReportReporter -->
<testsuite hostname="DESKTOP-CPBGT79" failures="0" tests="2" name="rahulshettyacademy.tests.ErrorValidationsTest" time="28.609" errors="0" timestamp="11 Apr 2024 08:13:38 GMT" skipped="0">
  <testcase classname="rahulshettyacademy.tests.ErrorValidationsTest" name="ProductErrorValidation" time="17.393"/>
  <testcase classname="rahulshettyacademy.tests.ErrorValidationsTest" name="LoginErrorValidation" time="11.216"/>
</testsuite> <!-- rahulshettyacademy.tests.ErrorValidationsTest -->
