<?xml version="1.0" encoding="UTF-8"?>
<!-- Generated by org.testng.reporters.JUnitReportReporter -->
<testsuite hostname="DESKTOP-CPBGT79" failures="0" tests="2" name="rahulshettyacademy.tests.ErrorValidationsTest" time="13.512" errors="0" timestamp="11 Apr 2024 09:50:43 GMT" skipped="0">
  <testcase classname="rahulshettyacademy.tests.ErrorValidationsTest" name="ProductErrorValidation" time="7.799"/>
  <testcase classname="rahulshettyacademy.tests.ErrorValidationsTest" name="LoginErrorValidation" time="5.713"/>
</testsuite> <!-- rahulshettyacademy.tests.ErrorValidationsTest -->
