<?xml version="1.0" encoding="UTF-8"?>
<!-- Generated by org.testng.reporters.JUnitReportReporter -->
<testsuite hostname="DESKTOP-CPBGT79" failures="0" tests="2" name="rahulshettyacademy.tests.SubmitOrderTest" time="23.076" errors="0" timestamp="11 Apr 2024 10:04:24 GMT" skipped="0">
  <testcase classname="rahulshettyacademy.tests.SubmitOrderTest" name="submitOrder" time="13.944"/>
  <testcase classname="rahulshettyacademy.tests.SubmitOrderTest" name="submitOrder" time="9.132"/>
</testsuite> <!-- rahulshettyacademy.tests.SubmitOrderTest -->
