<?xml version="1.0" encoding="UTF-8"?>
<!-- Generated by org.testng.reporters.JUnitReportReporter -->
<testsuite hostname="DESKTOP-CPBGT79" failures="0" tests="1" name="cucumber.TestNGTestRunner" time="9.715" errors="0" timestamp="11 Apr 2024 09:50:43 GMT" skipped="0">
  <testcase classname="cucumber.TestNGTestRunner" name="runScenario" time="9.715"/>
</testsuite> <!-- cucumber.TestNGTestRunner -->
